<?xml version="1.0" encoding="UTF-8"?>
<!-- Generated by org.testng.reporters.JUnitReportReporter -->
<testsuite hostname="CSCO-W-PF2S4GAA" failures="0" tests="5" name="testng.TestRunner" time="3.939" errors="0" timestamp="2021-12-23T15:31:12 IST" skipped="0">
  <testcase classname="testng.TestRunner" name="runScenario" time="0.360"/>
  <system-out/>
  <testcase classname="testng.TestRunner" name="runScenario" time="0.657"/>
  <system-out/>
  <testcase classname="testng.TestRunner" name="runScenario" time="2.430"/>
  <system-out/>
  <testcase classname="testng.TestRunner" name="runScenario" time="0.228"/>
  <system-out/>
  <testcase classname="testng.TestRunner" name="runScenario" time="0.264"/>
  <system-out/>
</testsuite> <!-- testng.TestRunner -->
