<?xml version="1.0" encoding="UTF-8"?>
<!-- Generated by org.testng.reporters.JUnitReportReporter -->
<testsuite hostname="CSCO-W-PF2S4GAA" failures="0" tests="5" name="testng.TestRunner" time="5.498" errors="0" timestamp="2021-12-23T16:07:21 IST" skipped="0">
  <testcase classname="testng.TestRunner" name="runScenario" time="3.909"/>
  <system-out/>
  <testcase classname="testng.TestRunner" name="runScenario" time="0.722"/>
  <system-out/>
  <testcase classname="testng.TestRunner" name="runScenario" time="0.244"/>
  <system-out/>
  <testcase classname="testng.TestRunner" name="runScenario" time="0.352"/>
  <system-out/>
  <testcase classname="testng.TestRunner" name="runScenario" time="0.271"/>
  <system-out/>
</testsuite> <!-- testng.TestRunner -->
